<?xml version="1.0" encoding="UTF-8"?>
<!-- Generated by org.testng.reporters.JUnitReportReporter -->
<testsuite hostname="LAPTOP-UJ95NADH" failures="0" tests="1" name="com.inetbanking.testCases.TC_LoginTest_001" time="0.963" errors="0" timestamp="28 Oct 2020 01:29:37 GMT" skipped="0">
  <testcase classname="com.inetbanking.testCases.TC_LoginTest_001" name="loginTest" time="0.963"/>
</testsuite> <!-- com.inetbanking.testCases.TC_LoginTest_001 -->
